# JRE version: OpenJDK Runtime Environment Temurin-11.0.17+8 (11.0.17+8) (build 11.0.17+8)
# Java VM: OpenJDK 64-Bit Server VM Temurin-11.0.17+8 (11.0.17+8, mixed mode, tiered, compressed oops, g1 gc, windows-amd64)
Heap:
 garbage-first heap   total 843776K, used 250469K [0x0000000080000000, 0x0000000100000000)
  region size 1024K, 5 young (5120K), 5 survivors (5120K)
 Metaspace       used 133836K, capacity 140348K, committed 140680K, reserved 638976K
  class space    used 16806K, capacity 19229K, committed 19328K, reserved 516096K
GC Heap History (20 events):
Event: 7318.129 GC heap after
{Heap after GC invocations=218 (full 0):
 garbage-first heap   total 529408K, used 247598K [0x0000000080000000, 0x0000000100000000)
  region size 1024K, 4 young (4096K), 4 survivors (4096K)
 Metaspace       used 133830K, capacity 140348K, committed 140680K, reserved 638976K
  class space    used 16806K, capacity 19229K, committed 19328K, reserved 516096K
}
Event: 7318.414 GC heap before
{Heap before GC invocations=218 (full 0):
 garbage-first heap   total 529408K, used 327470K [0x0000000080000000, 0x0000000100000000)
  region size 1024K, 83 young (84992K), 4 survivors (4096K)
 Metaspace       used 133833K, capacity 140348K, committed 140680K, reserved 638976K
  class space    used 16806K, capacity 19229K, committed 19328K, reserved 516096K
}
Event: 7318.460 GC heap after
{Heap after GC invocations=219 (full 0):
 garbage-first heap   total 529408K, used 247872K [0x0000000080000000, 0x0000000100000000)
  region size 1024K, 5 young (5120K), 5 survivors (5120K)
 Metaspace       used 133833K, capacity 140348K, committed 140680K, reserved 638976K
  class space    used 16806K, capacity 19229K, committed 19328K, reserved 516096K
}
Event: 7319.120 GC heap before
{Heap before GC invocations=219 (full 0):
 garbage-first heap   total 529408K, used 339008K [0x0000000080000000, 0x0000000100000000)
  region size 1024K, 94 young (96256K), 5 survivors (5120K)
 Metaspace       used 133833K, capacity 140348K, committed 140680K, reserved 638976K
  class space    used 16806K, capacity 19229K, committed 19328K, reserved 516096K
}
Event: 7319.351 GC heap after
{Heap after GC invocations=220 (full 0):
 garbage-first heap   total 529408K, used 248553K [0x0000000080000000, 0x0000000100000000)
  region size 1024K, 5 young (5120K), 5 survivors (5120K)
 Metaspace       used 133833K, capacity 140348K, committed 140680K, reserved 638976K
  class space    used 16806K, capacity 19229K, committed 19328K, reserved 516096K
}
Event: 7319.467 GC heap before
{Heap before GC invocations=220 (full 0):
 garbage-first heap   total 529408K, used 307945K [0x0000000080000000, 0x0000000100000000)
  region size 1024K, 64 young (65536K), 5 survivors (5120K)
 Metaspace       used 133833K, capacity 140348K, committed 140680K, reserved 638976K
  class space    used 16806K, capacity 19229K, committed 19328K, reserved 516096K
}
Event: 7319.471 GC heap after
{Heap after GC invocations=221 (full 0):
 garbage-first heap   total 529408K, used 248967K [0x0000000080000000, 0x0000000100000000)
  region size 1024K, 5 young (5120K), 5 survivors (5120K)
 Metaspace       used 133833K, capacity 140348K, committed 140680K, reserved 638976K
  class space    used 16806K, capacity 19229K, committed 19328K, reserved 516096K
}
Event: 7319.596 GC heap before
{Heap before GC invocations=221 (full 0):
 garbage-first heap   total 529408K, used 319623K [0x0000000080000000, 0x0000000100000000)
  region size 1024K, 75 young (76800K), 5 survivors (5120K)
 Metaspace       used 133834K, capacity 140348K, committed 140680K, reserved 638976K
  class space    used 16806K, capacity 19229K, committed 19328K, reserved 516096K
}
Event: 7319.600 GC heap after
{Heap after GC invocations=222 (full 0):
 garbage-first heap   total 529408K, used 248606K [0x0000000080000000, 0x0000000100000000)
  region size 1024K, 5 young (5120K), 5 survivors (5120K)
 Metaspace       used 133834K, capacity 140348K, committed 140680K, reserved 638976K
  class space    used 16806K, capacity 19229K, committed 19328K, reserved 516096K
}
Event: 7319.789 GC heap before
{Heap before GC invocations=222 (full 0):
 garbage-first heap   total 529408K, used 338718K [0x0000000080000000, 0x0000000100000000)
  region size 1024K, 94 young (96256K), 5 survivors (5120K)
 Metaspace       used 133834K, capacity 140348K, committed 140680K, reserved 638976K
  class space    used 16806K, capacity 19229K, committed 19328K, reserved 516096K
}
Event: 7319.796 GC heap after
{Heap after GC invocations=223 (full 0):
 garbage-first heap   total 529408K, used 249078K [0x0000000080000000, 0x0000000100000000)
  region size 1024K, 5 young (5120K), 5 survivors (5120K)
 Metaspace       used 133834K, capacity 140348K, committed 140680K, reserved 638976K
  class space    used 16806K, capacity 19229K, committed 19328K, reserved 516096K
}
Event: 7320.439 GC heap before
{Heap before GC invocations=223 (full 0):
 garbage-first heap   total 529408K, used 365814K [0x0000000080000000, 0x0000000100000000)
  region size 1024K, 120 young (122880K), 5 survivors (5120K)
 Metaspace       used 133834K, capacity 140348K, committed 140680K, reserved 638976K
  class space    used 16806K, capacity 19229K, committed 19328K, reserved 516096K
}
Event: 7320.522 GC heap after
{Heap after GC invocations=224 (full 0):
 garbage-first heap   total 529408K, used 249439K [0x0000000080000000, 0x0000000100000000)
  region size 1024K, 5 young (5120K), 5 survivors (5120K)
 Metaspace       used 133834K, capacity 140348K, committed 140680K, reserved 638976K
  class space    used 16806K, capacity 19229K, committed 19328K, reserved 516096K
}
Event: 7321.259 GC heap before
{Heap before GC invocations=224 (full 0):
 garbage-first heap   total 529408K, used 370271K [0x0000000080000000, 0x0000000100000000)
  region size 1024K, 123 young (125952K), 5 survivors (5120K)
 Metaspace       used 133834K, capacity 140348K, committed 140680K, reserved 638976K
  class space    used 16806K, capacity 19229K, committed 19328K, reserved 516096K
}
Event: 7321.344 GC heap after
{Heap after GC invocations=225 (full 0):
 garbage-first heap   total 529408K, used 248973K [0x0000000080000000, 0x0000000100000000)
  region size 1024K, 5 young (5120K), 5 survivors (5120K)
 Metaspace       used 133834K, capacity 140348K, committed 140680K, reserved 638976K
  class space    used 16806K, capacity 19229K, committed 19328K, reserved 516096K
}
Event: 7321.593 GC heap before
{Heap before GC invocations=225 (full 0):
 garbage-first heap   total 529408K, used 371853K [0x0000000080000000, 0x0000000100000000)
  region size 1024K, 125 young (128000K), 5 survivors (5120K)
 Metaspace       used 133835K, capacity 140348K, committed 140680K, reserved 638976K
  class space    used 16806K, capacity 19229K, committed 19328K, reserved 516096K
}
Event: 7321.605 GC heap after
{Heap after GC invocations=226 (full 0):
 garbage-first heap   total 529408K, used 248582K [0x0000000080000000, 0x0000000100000000)
  region size 1024K, 4 young (4096K), 4 survivors (4096K)
 Metaspace       used 133835K, capacity 140348K, committed 140680K, reserved 638976K
  class space    used 16806K, capacity 19229K, committed 19328K, reserved 516096K
}
Event: 7322.671 GC heap before
{Heap before GC invocations=226 (full 0):
 garbage-first heap   total 529408K, used 392966K [0x0000000080000000, 0x0000000100000000)
  region size 1024K, 145 young (148480K), 4 survivors (4096K)
 Metaspace       used 133835K, capacity 140348K, committed 140680K, reserved 638976K
  class space    used 16806K, capacity 19229K, committed 19328K, reserved 516096K
}
Event: 7322.740 GC heap after
{Heap after GC invocations=227 (full 0):
 garbage-first heap   total 529408K, used 249219K [0x0000000080000000, 0x0000000100000000)
  region size 1024K, 4 young (4096K), 4 survivors (4096K)
 Metaspace       used 133835K, capacity 140348K, committed 140680K, reserved 638976K
  class space    used 16806K, capacity 19229K, committed 19328K, reserved 516096K
}
Event: 7325.151 GC heap before
{Heap before GC invocations=227 (full 0):
 garbage-first heap   total 529408K, used 458115K [0x0000000080000000, 0x0000000100000000)
  region size 1024K, 208 young (212992K), 4 survivors (4096K)
 Metaspace       used 133836K, capacity 140348K, committed 140680K, reserved 638976K
  class space    used 16806K, capacity 19229K, committed 19328K, reserved 516096K
}

