# JRE version: OpenJDK Runtime Environment Temurin-11.0.17+8 (11.0.17+8) (build 11.0.17+8)
# Java VM: OpenJDK 64-Bit Server VM Temurin-11.0.17+8 (11.0.17+8, mixed mode, tiered, compressed oops, g1 gc, windows-amd64)
Heap:
 garbage-first heap   total 817152K, used 310232K [0x0000000080000000, 0x0000000100000000)
  region size 1024K, 4 young (4096K), 4 survivors (4096K)
 Metaspace       used 157600K, capacity 164461K, committed 164744K, reserved 659456K
  class space    used 19876K, capacity 22578K, committed 22656K, reserved 516096K
GC Heap History (20 events):
Event: 505.649 GC heap after
{Heap after GC invocations=183 (full 0):
 garbage-first heap   total 378880K, used 317185K [0x0000000080000000, 0x0000000100000000)
  region size 1024K, 3 young (3072K), 3 survivors (3072K)
 Metaspace       used 146760K, capacity 152515K, committed 152584K, reserved 649216K
  class space    used 18278K, capacity 20475K, committed 20480K, reserved 516096K
}
Event: 507.357 GC heap before
{Heap before GC invocations=183 (full 0):
 garbage-first heap   total 378880K, used 332545K [0x0000000080000000, 0x0000000100000000)
  region size 1024K, 18 young (18432K), 3 survivors (3072K)
 Metaspace       used 147964K, capacity 153831K, committed 154120K, reserved 651264K
  class space    used 18465K, capacity 20685K, committed 20736K, reserved 516096K
}
Event: 507.401 GC heap after
{Heap after GC invocations=184 (full 0):
 garbage-first heap   total 378880K, used 320466K [0x0000000080000000, 0x0000000100000000)
  region size 1024K, 3 young (3072K), 3 survivors (3072K)
 Metaspace       used 147964K, capacity 153831K, committed 154120K, reserved 651264K
  class space    used 18465K, capacity 20685K, committed 20736K, reserved 516096K
}
Event: 510.690 GC heap before
{Heap before GC invocations=185 (full 0):
 garbage-first heap   total 378880K, used 334802K [0x0000000080000000, 0x0000000100000000)
  region size 1024K, 18 young (18432K), 3 survivors (3072K)
 Metaspace       used 150461K, capacity 156549K, committed 156808K, reserved 653312K
  class space    used 18916K, capacity 21302K, committed 21376K, reserved 516096K
}
Event: 510.740 GC heap after
{Heap after GC invocations=186 (full 0):
 garbage-first heap   total 378880K, used 321661K [0x0000000080000000, 0x0000000100000000)
  region size 1024K, 2 young (2048K), 2 survivors (2048K)
 Metaspace       used 150461K, capacity 156549K, committed 156808K, reserved 653312K
  class space    used 18916K, capacity 21302K, committed 21376K, reserved 516096K
}
Event: 511.838 GC heap before
{Heap before GC invocations=186 (full 0):
 garbage-first heap   total 378880K, used 338045K [0x0000000080000000, 0x0000000100000000)
  region size 1024K, 18 young (18432K), 2 survivors (2048K)
 Metaspace       used 152446K, capacity 158712K, committed 158984K, reserved 655360K
  class space    used 19239K, capacity 21691K, committed 21760K, reserved 516096K
}
Event: 512.146 GC heap after
{Heap after GC invocations=187 (full 0):
 garbage-first heap   total 378880K, used 301662K [0x0000000080000000, 0x0000000100000000)
  region size 1024K, 3 young (3072K), 3 survivors (3072K)
 Metaspace       used 152446K, capacity 158712K, committed 158984K, reserved 655360K
  class space    used 19239K, capacity 21691K, committed 21760K, reserved 516096K
}
Event: 512.801 GC heap before
{Heap before GC invocations=187 (full 0):
 garbage-first heap   total 378880K, used 326238K [0x0000000080000000, 0x0000000100000000)
  region size 1024K, 27 young (27648K), 3 survivors (3072K)
 Metaspace       used 153902K, capacity 160263K, committed 160392K, reserved 655360K
  class space    used 19364K, capacity 21837K, committed 21888K, reserved 516096K
}
Event: 512.819 GC heap after
{Heap after GC invocations=188 (full 0):
 garbage-first heap   total 378880K, used 303027K [0x0000000080000000, 0x0000000100000000)
  region size 1024K, 3 young (3072K), 3 survivors (3072K)
 Metaspace       used 153902K, capacity 160263K, committed 160392K, reserved 655360K
  class space    used 19364K, capacity 21837K, committed 21888K, reserved 516096K
}
Event: 513.203 GC heap before
{Heap before GC invocations=188 (full 0):
 garbage-first heap   total 378880K, used 327603K [0x0000000080000000, 0x0000000100000000)
  region size 1024K, 27 young (27648K), 3 survivors (3072K)
 Metaspace       used 154540K, capacity 160912K, committed 161032K, reserved 655360K
  class space    used 19448K, capacity 21941K, committed 22016K, reserved 516096K
}
Event: 514.645 GC heap after
{Heap after GC invocations=189 (full 0):
 garbage-first heap   total 378880K, used 303625K [0x0000000080000000, 0x0000000100000000)
  region size 1024K, 2 young (2048K), 2 survivors (2048K)
 Metaspace       used 154540K, capacity 160912K, committed 161032K, reserved 655360K
  class space    used 19448K, capacity 21941K, committed 22016K, reserved 516096K
}
Event: 514.962 GC heap before
{Heap before GC invocations=189 (full 0):
 garbage-first heap   total 378880K, used 320009K [0x0000000080000000, 0x0000000100000000)
  region size 1024K, 18 young (18432K), 2 survivors (2048K)
 Metaspace       used 154643K, capacity 161001K, committed 161288K, reserved 657408K
  class space    used 19457K, capacity 21949K, committed 22016K, reserved 516096K
}
Event: 515.261 GC heap after
{Heap after GC invocations=190 (full 0):
 garbage-first heap   total 378880K, used 303606K [0x0000000080000000, 0x0000000100000000)
  region size 1024K, 2 young (2048K), 2 survivors (2048K)
 Metaspace       used 154643K, capacity 161001K, committed 161288K, reserved 657408K
  class space    used 19457K, capacity 21949K, committed 22016K, reserved 516096K
}
Event: 516.729 GC heap before
{Heap before GC invocations=190 (full 0):
 garbage-first heap   total 378880K, used 330230K [0x0000000080000000, 0x0000000100000000)
  region size 1024K, 28 young (28672K), 2 survivors (2048K)
 Metaspace       used 155091K, capacity 161476K, committed 161544K, reserved 657408K
  class space    used 19492K, capacity 21997K, committed 22016K, reserved 516096K
}
Event: 516.734 GC heap after
{Heap after GC invocations=191 (full 0):
 garbage-first heap   total 378880K, used 305224K [0x0000000080000000, 0x0000000100000000)
  region size 1024K, 4 young (4096K), 4 survivors (4096K)
 Metaspace       used 155091K, capacity 161476K, committed 161544K, reserved 657408K
  class space    used 19492K, capacity 21997K, committed 22016K, reserved 516096K
}
Event: 517.187 GC heap before
{Heap before GC invocations=191 (full 0):
 garbage-first heap   total 378880K, used 330824K [0x0000000080000000, 0x0000000100000000)
  region size 1024K, 29 young (29696K), 4 survivors (4096K)
 Metaspace       used 156071K, capacity 162622K, committed 162824K, reserved 657408K
  class space    used 19642K, capacity 22210K, committed 22272K, reserved 516096K
}
Event: 517.233 GC heap after
{Heap after GC invocations=192 (full 0):
 garbage-first heap   total 378880K, used 306610K [0x0000000080000000, 0x0000000100000000)
  region size 1024K, 4 young (4096K), 4 survivors (4096K)
 Metaspace       used 156071K, capacity 162622K, committed 162824K, reserved 657408K
  class space    used 19642K, capacity 22210K, committed 22272K, reserved 516096K
}
Event: 517.536 GC heap before
{Heap before GC invocations=192 (full 0):
 garbage-first heap   total 378880K, used 331186K [0x0000000080000000, 0x0000000100000000)
  region size 1024K, 28 young (28672K), 4 survivors (4096K)
 Metaspace       used 156582K, capacity 163194K, committed 163464K, reserved 657408K
  class space    used 19705K, capacity 22312K, committed 22400K, reserved 516096K
}
Event: 517.629 GC heap after
{Heap after GC invocations=193 (full 0):
 garbage-first heap   total 378880K, used 308014K [0x0000000080000000, 0x0000000100000000)
  region size 1024K, 2 young (2048K), 2 survivors (2048K)
 Metaspace       used 156582K, capacity 163194K, committed 163464K, reserved 657408K
  class space    used 19705K, capacity 22312K, committed 22400K, reserved 516096K
}
Event: 520.351 GC heap before
{Heap before GC invocations=193 (full 0):
 garbage-first heap   total 378880K, used 333614K [0x0000000080000000, 0x0000000100000000)
  region size 1024K, 27 young (27648K), 2 survivors (2048K)
 Metaspace       used 157600K, capacity 164461K, committed 164744K, reserved 659456K
  class space    used 19876K, capacity 22578K, committed 22656K, reserved 516096K
}

